2014-12-08 16:29:53  x     _bzr.bat                                 ::           .238 -1164475911 
2016-09-18 22:31:29  x     _filelist.lst                            ::           .  0  0000000000 

2016-06-20 17:56:07 Dx     === _make/ =============================================================
2011-02-26 22:43:58  x     Header2Reflection.manifest               ::           . 63  1543696467 
2014-06-15 22:06:55  x     _makejar_zbnf.jz.bat                     ::          1.656  0199409420 
2011-12-06 17:57:46  x     compileJava.bat                          ::           .997  1588002751 
2012-08-12 22:28:30  x     genDownload.sh                           ::           . 74  1323292022 
2014-05-03 00:49:10  x     genXMI_Zbnf.bat                          ::          1.269  1564817557 
2015-09-29 10:23:59  x     genjavadoc.bat                           ::          1.182 -0315154510 
2012-11-05 22:07:30  x     genjavadoc.sh                            ::           .411 -0530082317 
2016-02-20 22:34:54  x     makejar_zbnf.bat                         ::          3.837  1488876597 
2013-01-02 09:31:22  x     makejar_zbnf.sh                          ::          1.797 -0347914445 
2014-11-18 12:23:21  x     makejar_zbnf6.bat                        ::          3.478  1639838811 
2011-07-08 19:57:50  x     makejar_zbnfCore.sh                      ::           .974 -1460588110 
2011-03-22 14:26:06  x     makejar_zmakeAnt.bat                     ::          1.361  0245857391 
2011-07-08 19:57:50  x     makejar_zmakeAnt.sh                      ::           .945 -0828541394 
2011-11-01 17:06:04  x     stylesheet_javadoc.css                   ::          1.879  1264491243 
2011-02-26 22:43:58  x     zbnf.manifest                            ::           . 40  0205809603 
2011-02-26 22:43:58  x     zmake.manifest                           ::           . 35  0859504513 
2011-03-22 14:26:06  x     zmakeAnt.manifest                        ::           . 35  0859504513 

2014-07-31 19:44:22 Dx     === org/ ===============================================================

2015-12-05 15:02:32 Dx     === org/vishia/ =========================================================

2014-07-31 19:44:22 Dx     === org/vishia/ant/ =====================================================
2011-02-17 20:14:36  x     Zcopy.java                               ::          8.997 -0787313906 

2014-07-31 19:44:22 Dx     === org/vishia/byteData/ ================================================
2013-11-23 09:03:57  x     ByteDataSymbolicAccessReadConfig.java    ::          3.899 -1849174949 

2015-01-14 12:03:57 Dx     === org/vishia/checkDeps_C/ =============================================
2012-12-25 15:31:12  x     AddDependency_InfoFileDependencies.java  ::          1.874  1876500062 
2013-01-06 15:22:00  x     CfgData.java                             ::          3.570  1168766193 
2012-12-25 19:29:36  x     CheckAllDepFile.java                     ::          6.113  1270977477 
2012-12-25 17:01:12  x     CheckData.java                           ::          4.951  0627506369 
2015-06-03 22:56:30  x     CheckDependencyFile.java                 ::         46.488 -0116148793 
2014-05-04 22:57:06  x     CheckDeps.java                           ::         12.379  0976591412 
2012-12-25 15:33:10  x     DateTime.java                            ::          1.823  2018610045 
2013-01-06 16:24:54  x     InfoFileDependencies.java                ::         18.722  0145739532 
2014-05-04 22:56:29  x     InputSrc.java                            ::          4.196  1587914190 
2014-05-13 22:35:41  x     ObjectFileDeps.java                      ::          7.104 -1134084529 
2014-05-04 22:59:26  x     ParserConfigFile.java                    ::          7.123 -0914812033 
2013-01-03 19:36:18  x     package-info.java                        ::           .395 -2003396739 

2015-12-05 15:03:00 Dx     === org/vishia/docuGen/ =================================================
2015-12-06 00:24:48  x     DocuGen.java                             ::         12.369 -0796792823 

2015-06-06 06:50:38 Dx     === org/vishia/header2Reflection/ =======================================
2014-11-13 20:36:27  x     BinOutPrep.java                          ::          7.692  0482862329 
2014-12-14 21:36:18  x     C2DataDeps.java                          ::         10.327 -0335989070 
2016-08-05 10:33:30  x     CheaderParser.java                       ::         28.758  0863884982 
2015-06-06 07:01:42  x     CmdHeader2Reflection.java                ::          8.866  0445892408 
2014-11-13 22:08:25  x     ExtReflection_Insp_h.java                ::          1.061 -0470130958 
2016-09-18 22:25:06  x     Header2Reflection.java                   ::         81.379 -1959351882 

2014-07-31 19:44:22 Dx     === org/vishia/sclConversions/ ==========================================
2014-06-29 11:21:46  x     SCLstruct2Lists.java                     ::         54.992  1325330601 

2015-11-14 20:59:17 Dx     === org/vishia/stateMGen/ ===============================================
2014-07-27 19:00:04  x     ExampleState.java                        ::          1.473 -1562144144 
2014-07-27 18:49:15  x     ExampleStateData.java                    ::           .152 -1143986273 
2014-07-27 18:57:42  x     StateMBase.java                          ::           .156  1340406608 
2015-12-27 09:52:00  x     StateMGen.java                           ::         30.879 -0925837555 
2015-12-29 21:02:38  x     StateMcHgen.java                         ::         35.893 -0621056249 

2015-09-29 17:18:27 Dx     === org/vishia/xmlparser/ ===============================================
2015-09-29 17:25:21  x     Xml2J_template.java                      ::           .814 -1583613778 
2015-09-30 08:49:02  x     Xml2Jdata.java                           ::          1.596  0291993359 

2015-06-07 20:46:53 Dx     === org/vishia/zbnf/ ====================================================
2015-07-30 21:49:40  x     Zbnf2Xml.java                            ::         20.807 -1595652416 
2016-01-17 20:20:04  x     ZbnfJavaOutput.java                      ::         74.252 -0203840389 
2014-05-22 23:15:14  x     ZbnfParseResultItem.java                 ::         11.913  0924744487 
2016-01-28 23:31:36  x     ZbnfParser.java                          ::        154.568  0029626847 
2015-06-07 21:13:46  x     ZbnfParserStore.java                     ::         48.822 -1660600961 
2016-01-29 15:59:50  x     ZbnfSyntaxPrescript.java                 ::         71.757 -1383339192 
2013-06-09 19:13:32  x     ZbnfXmlOutput.java                       ::         14.168 -0583010662 
2012-12-26 17:34:50  x     Zmake.java                               ::         18.884 -0206480344 

2016-01-14 21:46:26 Dx     === org/vishia/zcmd/ ====================================================
2016-01-17 20:06:57  x     Bin2Data.java                            ::         12.767  0457986322 
2016-06-26 23:54:44  x     Csv2Data.java                            ::         14.632 -1172679072 
2016-01-12 15:58:50  x     JZcmd.java                               ::         43.392  1603372246 
2016-03-05 22:06:07  x     JZcmdSyntax.java                         ::         27.344  1740567900 
2015-05-16 21:36:20  x     JZcmdUserExample.java                    ::          1.855 -2036953304 
2015-02-22 22:58:41  x     JZcmdUtil.java                           ::          2.513  1215364859 
2014-07-17 22:58:55  x     OutputDataTree.java                      ::          2.033  0831261559 
2016-01-06 20:21:44  x     Zbnf2Text.java                           ::         15.629  0363911260 
